<?xml version="1.0" encoding="UTF-8"?>
<testsuite name="Login"
           tests="1"
           failures="1"
           errors="0"
           skipped="0"
           time="3.218">
  <properties />
            <testcase name="case1" time="3.218" classname="ranxiangxue.selenium.maven1.runcase.LoginCase">
                <failure type="java.lang.IllegalArgumentException"
                  message="Must provide a location for a move action."
              >
<![CDATA[java.lang.IllegalArgumentException: Must provide a location for a move action.
  org.openqa.selenium.interactions.MoveMouseAction.<init>(MoveMouseAction.java:34)
  org.openqa.selenium.interactions.Actions.moveToElement(Actions.java:257)
  ranxiangxue.selenium.maven1.page.BasePage.MoveToElement(BasePage.java:53)
  ranxiangxue.selenium.maven1.handle.LoginHandle.GetUserText(LoginHandle.java:39)
  ranxiangxue.selenium.maven1.runcase.LoginCase.case1(LoginCase.java:63)
  sun.reflect.NativeMethodAccessorImpl.invoke0(Native Method)
  sun.reflect.NativeMethodAccessorImpl.invoke(NativeMethodAccessorImpl.java:62)
  sun.reflect.DelegatingMethodAccessorImpl.invoke(DelegatingMethodAccessorImpl.java:43)
  java.lang.reflect.Method.invoke(Method.java:498)
  org.testng.internal.MethodInvocationHelper.invokeMethod(MethodInvocationHelper.java:108)
  org.testng.internal.Invoker.invokeMethod(Invoker.java:661)
  org.testng.internal.Invoker.invokeTestMethod(Invoker.java:869)
  org.testng.internal.Invoker.invokeTestMethods(Invoker.java:1193)
  org.testng.internal.TestMethodWorker.invokeTestMethods(TestMethodWorker.java:126)
  org.testng.internal.TestMethodWorker.run(TestMethodWorker.java:109)
  org.testng.TestRunner.privateRun(TestRunner.java:744)
  org.testng.TestRunner.run(TestRunner.java:602)
  org.testng.SuiteRunner.runTest(SuiteRunner.java:380)
  org.testng.SuiteRunner.runSequentially(SuiteRunner.java:375)
  org.testng.SuiteRunner.privateRun(SuiteRunner.java:340)
  org.testng.SuiteRunner.run(SuiteRunner.java:289)
  org.testng.SuiteRunnerWorker.runSuite(SuiteRunnerWorker.java:52)
  org.testng.SuiteRunnerWorker.run(SuiteRunnerWorker.java:86)
  org.testng.TestNG.runSuitesSequentially(TestNG.java:1301)
  org.testng.TestNG.runSuitesLocally(TestNG.java:1226)
  org.testng.TestNG.runSuites(TestNG.java:1144)
  org.testng.TestNG.run(TestNG.java:1115)
  org.testng.remote.AbstractRemoteTestNG.run(AbstractRemoteTestNG.java:132)
  org.testng.remote.RemoteTestNG.initAndRun(RemoteTestNG.java:230)
  org.testng.remote.RemoteTestNG.main(RemoteTestNG.java:76)
]]>
      </failure>

          </testcase>
  
  
  
</testsuite>
