<!DOCTYPE html PUBLIC "-//W3C//DTD XHTML 1.1//EN" "http://www.w3.org/TR/xhtml11/DTD/xhtml11.dtd">
<html xmlns="http://www.w3.org/1999/xhtml"><head><title>TestNG Report</title><style type="text/css">table {margin-bottom:10px;border-collapse:collapse;empty-cells:show}th,td {border:1px solid #009;padding:.25em .5em}th {vertical-align:bottom}td {vertical-align:top}table a {font-weight:bold}.stripe td {background-color: #E6EBF9}.num {text-align:right}.passedodd td {background-color: #3F3}.passedeven td {background-color: #0A0}.skippedodd td {background-color: #DDD}.skippedeven td {background-color: #CCC}.failedodd td,.attn {background-color: #F33}.failedeven td,.stripe .attn {background-color: #D00}.stacktrace {white-space:pre;font-family:monospace}.totop {font-size:85%;text-align:center;border-bottom:2px solid #000}</style></head><body><table><tr><th>Test</th><th># Passed</th><th># Skipped</th><th># Failed</th><th>Time (ms)</th><th>Included Groups</th><th>Excluded Groups</th></tr><tr><th colspan="7">Suite</th></tr><tr><td><a href="#t0">Login</a></td><td class="num">0</td><td class="num">0</td><td class="num attn">1</td><td class="num">35,440</td><td></td><td></td></tr><tr class="stripe"><td><a href="#t1">Cart</a></td><td class="num">0</td><td class="num">0</td><td class="num attn">2</td><td class="num">68,264</td><td></td><td></td></tr><tr><td><a href="#t2">SureOrder</a></td><td class="num">1</td><td class="num">0</td><td class="num">0</td><td class="num">19,943</td><td></td><td></td></tr><tr><th>Total</th><th class="num">1</th><th class="num">0</th><th class="num attn">3</th><th class="num">123,647</th><th colspan="2"></th></tr></table><table id='summary'><thead><tr><th>Class</th><th>Method</th><th>Start</th><th>Time (ms)</th></tr></thead><tbody><tr><th colspan="4">Suite</th></tr></tbody><tbody id="t0"><tr><th colspan="4">Login &#8212; failed</th></tr><tr class="failedeven"><td rowspan="1">ranxiangxue.selenium.maven1.runcase.LoginCase</td><td><a href="#m0">case1</a></td><td rowspan="1">1611502103126</td><td rowspan="1">3218</td></tr></tbody><tbody id="t1"><tr><th colspan="4">Cart &#8212; failed</th></tr><tr class="failedeven"><td rowspan="2">ranxiangxue.selenium.maven1.runcase.CourseCase</td><td><a href="#m1">AddCartCase</a></td><td rowspan="1">1611502161868</td><td rowspan="1">15196</td></tr><tr class="failedeven"><td><a href="#m2">TestAleradyBuy</a></td><td rowspan="1">1611502177669</td><td rowspan="1">1699</td></tr></tbody><tbody id="t2"><tr><th colspan="4">SureOrder &#8212; passed</th></tr><tr class="passedeven"><td rowspan="1">ranxiangxue.selenium.maven1.runcase.SureSubmitCase</td><td><a href="#m3">SureSubmit</a></td><td rowspan="1">1611502198625</td><td rowspan="1">3138</td></tr></tbody></table><h2>Login</h2><h3 id="m0">ranxiangxue.selenium.maven1.runcase.LoginCase#case1</h3><table class="result"><tr class="param"><th>Parameter #1</th><th>Parameter #2</th></tr><tr class="param stripe"><td>18349271429</td><td>Rxx123456</td></tr><tr><th colspan="2">Exception</th></tr><tr><td colspan="2"><div class="stacktrace">java.lang.IllegalArgumentException: Must provide a location for a move action.
	at org.openqa.selenium.interactions.MoveMouseAction.&lt;init&gt;(MoveMouseAction.java:34)
	at org.openqa.selenium.interactions.Actions.moveToElement(Actions.java:257)
	at ranxiangxue.selenium.maven1.page.BasePage.MoveToElement(BasePage.java:53)
	at ranxiangxue.selenium.maven1.handle.LoginHandle.GetUserText(LoginHandle.java:39)
	at ranxiangxue.selenium.maven1.runcase.LoginCase.case1(LoginCase.java:63)
... Removed 25 stack frames</div></td></tr></table><p class="totop"><a href="#summary">back to summary</a></p><h2>Cart</h2><h3 id="m1">ranxiangxue.selenium.maven1.runcase.CourseCase#AddCartCase</h3><table class="result"><tr class="param"><th>Parameter #1</th></tr><tr class="param stripe"><td>Go+Python双语言混合开发</td></tr><tr><th>Exception</th></tr><tr><td><div class="stacktrace">java.lang.AssertionError: expected [1] but found [0]
	at ranxiangxue.selenium.maven1.runcase.CourseCase.AddCartCase(CourseCase.java:72)
... Removed 31 stack frames</div></td></tr></table><p class="totop"><a href="#summary">back to summary</a></p><h3 id="m2">ranxiangxue.selenium.maven1.runcase.CourseCase#TestAleradyBuy</h3><table class="result"><tr><th>Exception</th></tr><tr><td><div class="stacktrace">org.openqa.selenium.WebDriverException: element click intercepted: Element &lt;a href=&quot;javascript:;&quot; class=&quot;js-addcart addcart&quot; data-cid=&quot;469&quot; data-type=&quot;1&quot;&gt;...&lt;/a&gt; is not clickable at point (1130, 328). Other element would receive the click: &lt;div class=&quot;moco-modal-overlay&quot; style=&quot;z-index: 901; opacity: 1;&quot;&gt;...&lt;/div&gt;
  (Session info: chrome=88.0.4324.104)
  (Driver info: chromedriver=87.0.4280.88 (89e2380a3e36c3464b5dd1302349b1382549290d-refs/branch-heads/4280@{#1761}),platform=Windows NT 6.1.7601 SP1 x86_64) (WARNING: The server did not provide any stacktrace information)
Command duration or timeout: 1.09 seconds
Build info: version: &apos;2.53.1&apos;, revision: &apos;a36b8b1cd5757287168e54b817830adce9b0158d&apos;, time: &apos;2016-06-30 19:26:09&apos;
System info: host: &apos;PC-201310021849&apos;, ip: &apos;192.168.128.1&apos;, os.name: &apos;Windows 7&apos;, os.arch: &apos;amd64&apos;, os.version: &apos;6.1&apos;, java.version: &apos;1.8.0_131&apos;
Driver info: org.openqa.selenium.chrome.ChromeDriver
Capabilities [{mobileEmulationEnabled=false, timeouts={implicit=0, pageLoad=300000, script=30000}, hasTouchScreen=false, platform=XP, acceptSslCerts=false, goog:chromeOptions={debuggerAddress=localhost:27264}, acceptInsecureCerts=false, webStorageEnabled=true, browserName=chrome, takesScreenshot=true, javascriptEnabled=true, setWindowRect=true, unexpectedAlertBehaviour=ignore, applicationCacheEnabled=false, rotatable=false, networkConnectionEnabled=false, chrome={chromedriverVersion=87.0.4280.88 (89e2380a3e36c3464b5dd1302349b1382549290d-refs/branch-heads/4280@{#1761}), userDataDir=C:\Users\ADMINI~1\AppData\Local\Temp\scoped_dir8784_1878841615}, takesHeapSnapshot=true, pageLoadStrategy=normal, strictFileInteractability=false, databaseEnabled=false, handlesAlerts=true, version=88.0.4324.104, browserConnectionEnabled=false, proxy={}, nativeEvents=true, locationContextEnabled=true, cssSelectorsEnabled=true, webauthn:virtualAuthenticators=true}]
Session ID: 9e88c2e3fba2380fffa275f2398faa64
	at org.openqa.selenium.remote.ErrorHandler.createThrowable(ErrorHandler.java:206)
	at org.openqa.selenium.remote.ErrorHandler.throwIfResponseFailed(ErrorHandler.java:158)
	at org.openqa.selenium.remote.RemoteWebDriver.execute(RemoteWebDriver.java:678)
	at org.openqa.selenium.remote.RemoteWebElement.execute(RemoteWebElement.java:327)
	at org.openqa.selenium.remote.RemoteWebElement.click(RemoteWebElement.java:85)
	at ranxiangxue.selenium.maven1.handle.BaseHandle.ClickElement(BaseHandle.java:34)
	at ranxiangxue.selenium.maven1.handle.CourseHandle.ClickAddCart(CourseHandle.java:18)
	at ranxiangxue.selenium.maven1.runcase.CourseCase.TestAleradyBuy(CourseCase.java:84)
... Removed 29 stack frames</div></td></tr></table><p class="totop"><a href="#summary">back to summary</a></p><h2>SureOrder</h2><h3 id="m3">ranxiangxue.selenium.maven1.runcase.SureSubmitCase#SureSubmit</h3><table class="result"><tr class="param"><th>Parameter #1</th></tr><tr class="param stripe"><td>https://order.imooc.com/pay/confirm?goods_ids=2235</td></tr></table><p class="totop"><a href="#summary">back to summary</a></p></body></html>