<?xml version="1.0" encoding="UTF-8"?>
<testng-results skipped="0" failed="3" ignored="1" total="5" passed="1">
  <reporter-output>
  </reporter-output>
  <suite name="Suite" duration-ms="123892" started-at="2021-01-24T15:27:58Z" finished-at="2021-01-24T15:30:02Z">
    <groups>
    </groups>
    <test name="Login" duration-ms="35440" started-at="2021-01-24T15:27:58Z" finished-at="2021-01-24T15:28:33Z">
      <class name="ranxiangxue.selenium.maven1.runcase.LoginCase">
        <test-method status="PASS" signature="beforeTest()[pri:0, instance:ranxiangxue.selenium.maven1.runcase.LoginCase@528931cf]" name="beforeTest" is-config="true" duration-ms="16" started-at="2021-01-24T23:27:58Z" finished-at="2021-01-24T23:27:58Z">
          <reporter-output>
          </reporter-output>
        </test-method> <!-- beforeTest -->
        <test-method status="PASS" signature="beforeClass(java.lang.String, java.lang.String)[pri:0, instance:ranxiangxue.selenium.maven1.runcase.LoginCase@528931cf]" name="beforeClass" is-config="true" duration-ms="24837" started-at="2021-01-24T23:27:58Z" finished-at="2021-01-24T23:28:23Z">
          <params>
            <param index="0">
              <value>
                <![CDATA[https://www.imooc.com/user/newlogin]]>
              </value>
            </param>
            <param index="1">
              <value>
                <![CDATA[chrome]]>
              </value>
            </param>
          </params>
          <reporter-output>
          </reporter-output>
        </test-method> <!-- beforeClass -->
        <test-method status="FAIL" signature="case1(java.lang.String, java.lang.String)[pri:0, instance:ranxiangxue.selenium.maven1.runcase.LoginCase@528931cf]" name="case1" duration-ms="3218" started-at="2021-01-24T23:28:23Z" finished-at="2021-01-24T23:28:26Z">
          <params>
            <param index="0">
              <value>
                <![CDATA[18349271429]]>
              </value>
            </param>
            <param index="1">
              <value>
                <![CDATA[Rxx123456]]>
              </value>
            </param>
          </params>
          <exception class="java.lang.IllegalArgumentException">
            <message>
              <![CDATA[Must provide a location for a move action.]]>
            </message>
            <full-stacktrace>
              <![CDATA[java.lang.IllegalArgumentException: Must provide a location for a move action.
	at org.openqa.selenium.interactions.MoveMouseAction.<init>(MoveMouseAction.java:34)
	at org.openqa.selenium.interactions.Actions.moveToElement(Actions.java:257)
	at ranxiangxue.selenium.maven1.page.BasePage.MoveToElement(BasePage.java:53)
	at ranxiangxue.selenium.maven1.handle.LoginHandle.GetUserText(LoginHandle.java:39)
	at ranxiangxue.selenium.maven1.runcase.LoginCase.case1(LoginCase.java:63)
	at sun.reflect.NativeMethodAccessorImpl.invoke0(Native Method)
	at sun.reflect.NativeMethodAccessorImpl.invoke(NativeMethodAccessorImpl.java:62)
	at sun.reflect.DelegatingMethodAccessorImpl.invoke(DelegatingMethodAccessorImpl.java:43)
	at java.lang.reflect.Method.invoke(Method.java:498)
	at org.testng.internal.MethodInvocationHelper.invokeMethod(MethodInvocationHelper.java:108)
	at org.testng.internal.Invoker.invokeMethod(Invoker.java:661)
	at org.testng.internal.Invoker.invokeTestMethod(Invoker.java:869)
	at org.testng.internal.Invoker.invokeTestMethods(Invoker.java:1193)
	at org.testng.internal.TestMethodWorker.invokeTestMethods(TestMethodWorker.java:126)
	at org.testng.internal.TestMethodWorker.run(TestMethodWorker.java:109)
	at org.testng.TestRunner.privateRun(TestRunner.java:744)
	at org.testng.TestRunner.run(TestRunner.java:602)
	at org.testng.SuiteRunner.runTest(SuiteRunner.java:380)
	at org.testng.SuiteRunner.runSequentially(SuiteRunner.java:375)
	at org.testng.SuiteRunner.privateRun(SuiteRunner.java:340)
	at org.testng.SuiteRunner.run(SuiteRunner.java:289)
	at org.testng.SuiteRunnerWorker.runSuite(SuiteRunnerWorker.java:52)
	at org.testng.SuiteRunnerWorker.run(SuiteRunnerWorker.java:86)
	at org.testng.TestNG.runSuitesSequentially(TestNG.java:1301)
	at org.testng.TestNG.runSuitesLocally(TestNG.java:1226)
	at org.testng.TestNG.runSuites(TestNG.java:1144)
	at org.testng.TestNG.run(TestNG.java:1115)
	at org.testng.remote.AbstractRemoteTestNG.run(AbstractRemoteTestNG.java:132)
	at org.testng.remote.RemoteTestNG.initAndRun(RemoteTestNG.java:230)
	at org.testng.remote.RemoteTestNG.main(RemoteTestNG.java:76)
]]>
            </full-stacktrace>
          </exception> <!-- java.lang.IllegalArgumentException -->
          <reporter-output>
          </reporter-output>
        </test-method> <!-- case1 -->
        <test-method status="PASS" signature="afterClass()[pri:0, instance:ranxiangxue.selenium.maven1.runcase.LoginCase@528931cf]" name="afterClass" is-config="true" duration-ms="1553" started-at="2021-01-24T23:28:32Z" finished-at="2021-01-24T23:28:33Z">
          <reporter-output>
          </reporter-output>
        </test-method> <!-- afterClass -->
        <test-method status="PASS" signature="afterTest()[pri:0, instance:ranxiangxue.selenium.maven1.runcase.LoginCase@528931cf]" name="afterTest" is-config="true" duration-ms="0" started-at="2021-01-24T23:28:33Z" finished-at="2021-01-24T23:28:33Z">
          <reporter-output>
          </reporter-output>
        </test-method> <!-- afterTest -->
      </class> <!-- ranxiangxue.selenium.maven1.runcase.LoginCase -->
    </test> <!-- Login -->
    <test name="Cart" duration-ms="68264" started-at="2021-01-24T15:28:33Z" finished-at="2021-01-24T15:29:42Z">
      <class name="ranxiangxue.selenium.maven1.runcase.CourseCase">
        <test-method status="PASS" signature="beforeTest()[pri:0, instance:ranxiangxue.selenium.maven1.runcase.CourseCase@37d31475]" name="beforeTest" is-config="true" duration-ms="1" started-at="2021-01-24T23:28:33Z" finished-at="2021-01-24T23:28:33Z">
          <reporter-output>
          </reporter-output>
        </test-method> <!-- beforeTest -->
        <test-method status="PASS" signature="beforeClass(java.lang.String, java.lang.String)[pri:0, instance:ranxiangxue.selenium.maven1.runcase.CourseCase@37d31475]" name="beforeClass" is-config="true" duration-ms="48052" started-at="2021-01-24T23:28:33Z" finished-at="2021-01-24T23:29:21Z">
          <params>
            <param index="0">
              <value>
                <![CDATA[https://coding.imooc.com/class/469.html]]>
              </value>
            </param>
            <param index="1">
              <value>
                <![CDATA[chrome]]>
              </value>
            </param>
          </params>
          <reporter-output>
          </reporter-output>
        </test-method> <!-- beforeClass -->
        <test-method status="FAIL" signature="AddCartCase(java.lang.String)[pri:0, instance:ranxiangxue.selenium.maven1.runcase.CourseCase@37d31475]" name="AddCartCase" duration-ms="15196" started-at="2021-01-24T23:29:21Z" finished-at="2021-01-24T23:29:37Z">
          <params>
            <param index="0">
              <value>
                <![CDATA[Go+Python双语言混合开发]]>
              </value>
            </param>
          </params>
          <exception class="java.lang.AssertionError">
            <message>
              <![CDATA[expected [1] but found [0]]]>
            </message>
            <full-stacktrace>
              <![CDATA[java.lang.AssertionError: expected [1] but found [0]
	at org.testng.Assert.fail(Assert.java:93)
	at org.testng.Assert.failNotEquals(Assert.java:512)
	at org.testng.Assert.assertEqualsImpl(Assert.java:134)
	at org.testng.Assert.assertEquals(Assert.java:115)
	at org.testng.Assert.assertEquals(Assert.java:388)
	at org.testng.Assert.assertEquals(Assert.java:398)
	at ranxiangxue.selenium.maven1.runcase.CourseCase.AddCartCase(CourseCase.java:72)
	at sun.reflect.NativeMethodAccessorImpl.invoke0(Native Method)
	at sun.reflect.NativeMethodAccessorImpl.invoke(NativeMethodAccessorImpl.java:62)
	at sun.reflect.DelegatingMethodAccessorImpl.invoke(DelegatingMethodAccessorImpl.java:43)
	at java.lang.reflect.Method.invoke(Method.java:498)
	at org.testng.internal.MethodInvocationHelper.invokeMethod(MethodInvocationHelper.java:108)
	at org.testng.internal.Invoker.invokeMethod(Invoker.java:661)
	at org.testng.internal.Invoker.invokeTestMethod(Invoker.java:869)
	at org.testng.internal.Invoker.invokeTestMethods(Invoker.java:1193)
	at org.testng.internal.TestMethodWorker.invokeTestMethods(TestMethodWorker.java:126)
	at org.testng.internal.TestMethodWorker.run(TestMethodWorker.java:109)
	at org.testng.TestRunner.privateRun(TestRunner.java:744)
	at org.testng.TestRunner.run(TestRunner.java:602)
	at org.testng.SuiteRunner.runTest(SuiteRunner.java:380)
	at org.testng.SuiteRunner.runSequentially(SuiteRunner.java:375)
	at org.testng.SuiteRunner.privateRun(SuiteRunner.java:340)
	at org.testng.SuiteRunner.run(SuiteRunner.java:289)
	at org.testng.SuiteRunnerWorker.runSuite(SuiteRunnerWorker.java:52)
	at org.testng.SuiteRunnerWorker.run(SuiteRunnerWorker.java:86)
	at org.testng.TestNG.runSuitesSequentially(TestNG.java:1301)
	at org.testng.TestNG.runSuitesLocally(TestNG.java:1226)
	at org.testng.TestNG.runSuites(TestNG.java:1144)
	at org.testng.TestNG.run(TestNG.java:1115)
	at org.testng.remote.AbstractRemoteTestNG.run(AbstractRemoteTestNG.java:132)
	at org.testng.remote.RemoteTestNG.initAndRun(RemoteTestNG.java:230)
	at org.testng.remote.RemoteTestNG.main(RemoteTestNG.java:76)
]]>
            </full-stacktrace>
          </exception> <!-- java.lang.AssertionError -->
          <reporter-output>
          </reporter-output>
        </test-method> <!-- AddCartCase -->
        <test-method status="FAIL" signature="TestAleradyBuy()[pri:0, instance:ranxiangxue.selenium.maven1.runcase.CourseCase@37d31475]" name="TestAleradyBuy" duration-ms="1699" started-at="2021-01-24T23:29:37Z" finished-at="2021-01-24T23:29:39Z">
          <exception class="org.openqa.selenium.WebDriverException">
            <message>
              <![CDATA[element click intercepted: Element <a href="javascript:;" class="js-addcart addcart" data-cid="469" data-type="1">...</a> is not clickable at point (1130, 328). Other element would receive the click: <div class="moco-modal-overlay" style="z-index: 901; opacity: 1;">...</div>
  (Session info: chrome=88.0.4324.104)
  (Driver info: chromedriver=87.0.4280.88 (89e2380a3e36c3464b5dd1302349b1382549290d-refs/branch-heads/4280@{#1761}),platform=Windows NT 6.1.7601 SP1 x86_64) (WARNING: The server did not provide any stacktrace information)
Command duration or timeout: 1.09 seconds
Build info: version: '2.53.1', revision: 'a36b8b1cd5757287168e54b817830adce9b0158d', time: '2016-06-30 19:26:09'
System info: host: 'PC-201310021849', ip: '192.168.128.1', os.name: 'Windows 7', os.arch: 'amd64', os.version: '6.1', java.version: '1.8.0_131'
Driver info: org.openqa.selenium.chrome.ChromeDriver
Capabilities [{mobileEmulationEnabled=false, timeouts={implicit=0, pageLoad=300000, script=30000}, hasTouchScreen=false, platform=XP, acceptSslCerts=false, goog:chromeOptions={debuggerAddress=localhost:27264}, acceptInsecureCerts=false, webStorageEnabled=true, browserName=chrome, takesScreenshot=true, javascriptEnabled=true, setWindowRect=true, unexpectedAlertBehaviour=ignore, applicationCacheEnabled=false, rotatable=false, networkConnectionEnabled=false, chrome={chromedriverVersion=87.0.4280.88 (89e2380a3e36c3464b5dd1302349b1382549290d-refs/branch-heads/4280@{#1761}), userDataDir=C:\Users\ADMINI~1\AppData\Local\Temp\scoped_dir8784_1878841615}, takesHeapSnapshot=true, pageLoadStrategy=normal, strictFileInteractability=false, databaseEnabled=false, handlesAlerts=true, version=88.0.4324.104, browserConnectionEnabled=false, proxy={}, nativeEvents=true, locationContextEnabled=true, cssSelectorsEnabled=true, webauthn:virtualAuthenticators=true}]
Session ID: 9e88c2e3fba2380fffa275f2398faa64]]>
            </message>
            <full-stacktrace>
              <![CDATA[org.openqa.selenium.WebDriverException: element click intercepted: Element <a href="javascript:;" class="js-addcart addcart" data-cid="469" data-type="1">...</a> is not clickable at point (1130, 328). Other element would receive the click: <div class="moco-modal-overlay" style="z-index: 901; opacity: 1;">...</div>
  (Session info: chrome=88.0.4324.104)
  (Driver info: chromedriver=87.0.4280.88 (89e2380a3e36c3464b5dd1302349b1382549290d-refs/branch-heads/4280@{#1761}),platform=Windows NT 6.1.7601 SP1 x86_64) (WARNING: The server did not provide any stacktrace information)
Command duration or timeout: 1.09 seconds
Build info: version: '2.53.1', revision: 'a36b8b1cd5757287168e54b817830adce9b0158d', time: '2016-06-30 19:26:09'
System info: host: 'PC-201310021849', ip: '192.168.128.1', os.name: 'Windows 7', os.arch: 'amd64', os.version: '6.1', java.version: '1.8.0_131'
Driver info: org.openqa.selenium.chrome.ChromeDriver
Capabilities [{mobileEmulationEnabled=false, timeouts={implicit=0, pageLoad=300000, script=30000}, hasTouchScreen=false, platform=XP, acceptSslCerts=false, goog:chromeOptions={debuggerAddress=localhost:27264}, acceptInsecureCerts=false, webStorageEnabled=true, browserName=chrome, takesScreenshot=true, javascriptEnabled=true, setWindowRect=true, unexpectedAlertBehaviour=ignore, applicationCacheEnabled=false, rotatable=false, networkConnectionEnabled=false, chrome={chromedriverVersion=87.0.4280.88 (89e2380a3e36c3464b5dd1302349b1382549290d-refs/branch-heads/4280@{#1761}), userDataDir=C:\Users\ADMINI~1\AppData\Local\Temp\scoped_dir8784_1878841615}, takesHeapSnapshot=true, pageLoadStrategy=normal, strictFileInteractability=false, databaseEnabled=false, handlesAlerts=true, version=88.0.4324.104, browserConnectionEnabled=false, proxy={}, nativeEvents=true, locationContextEnabled=true, cssSelectorsEnabled=true, webauthn:virtualAuthenticators=true}]
Session ID: 9e88c2e3fba2380fffa275f2398faa64
	at sun.reflect.NativeConstructorAccessorImpl.newInstance0(Native Method)
	at sun.reflect.NativeConstructorAccessorImpl.newInstance(NativeConstructorAccessorImpl.java:62)
	at sun.reflect.DelegatingConstructorAccessorImpl.newInstance(DelegatingConstructorAccessorImpl.java:45)
	at java.lang.reflect.Constructor.newInstance(Constructor.java:423)
	at org.openqa.selenium.remote.ErrorHandler.createThrowable(ErrorHandler.java:206)
	at org.openqa.selenium.remote.ErrorHandler.throwIfResponseFailed(ErrorHandler.java:158)
	at org.openqa.selenium.remote.RemoteWebDriver.execute(RemoteWebDriver.java:678)
	at org.openqa.selenium.remote.RemoteWebElement.execute(RemoteWebElement.java:327)
	at org.openqa.selenium.remote.RemoteWebElement.click(RemoteWebElement.java:85)
	at ranxiangxue.selenium.maven1.handle.BaseHandle.ClickElement(BaseHandle.java:34)
	at ranxiangxue.selenium.maven1.handle.CourseHandle.ClickAddCart(CourseHandle.java:18)
	at ranxiangxue.selenium.maven1.runcase.CourseCase.TestAleradyBuy(CourseCase.java:84)
	at sun.reflect.NativeMethodAccessorImpl.invoke0(Native Method)
	at sun.reflect.NativeMethodAccessorImpl.invoke(NativeMethodAccessorImpl.java:62)
	at sun.reflect.DelegatingMethodAccessorImpl.invoke(DelegatingMethodAccessorImpl.java:43)
	at java.lang.reflect.Method.invoke(Method.java:498)
	at org.testng.internal.MethodInvocationHelper.invokeMethod(MethodInvocationHelper.java:108)
	at org.testng.internal.Invoker.invokeMethod(Invoker.java:661)
	at org.testng.internal.Invoker.invokeTestMethod(Invoker.java:869)
	at org.testng.internal.Invoker.invokeTestMethods(Invoker.java:1193)
	at org.testng.internal.TestMethodWorker.invokeTestMethods(TestMethodWorker.java:126)
	at org.testng.internal.TestMethodWorker.run(TestMethodWorker.java:109)
	at org.testng.TestRunner.privateRun(TestRunner.java:744)
	at org.testng.TestRunner.run(TestRunner.java:602)
	at org.testng.SuiteRunner.runTest(SuiteRunner.java:380)
	at org.testng.SuiteRunner.runSequentially(SuiteRunner.java:375)
	at org.testng.SuiteRunner.privateRun(SuiteRunner.java:340)
	at org.testng.SuiteRunner.run(SuiteRunner.java:289)
	at org.testng.SuiteRunnerWorker.runSuite(SuiteRunnerWorker.java:52)
	at org.testng.SuiteRunnerWorker.run(SuiteRunnerWorker.java:86)
	at org.testng.TestNG.runSuitesSequentially(TestNG.java:1301)
	at org.testng.TestNG.runSuitesLocally(TestNG.java:1226)
	at org.testng.TestNG.runSuites(TestNG.java:1144)
	at org.testng.TestNG.run(TestNG.java:1115)
	at org.testng.remote.AbstractRemoteTestNG.run(AbstractRemoteTestNG.java:132)
	at org.testng.remote.RemoteTestNG.initAndRun(RemoteTestNG.java:230)
	at org.testng.remote.RemoteTestNG.main(RemoteTestNG.java:76)
]]>
            </full-stacktrace>
          </exception> <!-- org.openqa.selenium.WebDriverException -->
          <reporter-output>
          </reporter-output>
        </test-method> <!-- TestAleradyBuy -->
        <test-method status="PASS" signature="afterClass()[pri:0, instance:ranxiangxue.selenium.maven1.runcase.CourseCase@37d31475]" name="afterClass" is-config="true" duration-ms="2071" started-at="2021-01-24T23:29:40Z" finished-at="2021-01-24T23:29:42Z">
          <reporter-output>
          </reporter-output>
        </test-method> <!-- afterClass -->
        <test-method status="PASS" signature="afterTest()[pri:0, instance:ranxiangxue.selenium.maven1.runcase.CourseCase@37d31475]" name="afterTest" is-config="true" duration-ms="1" started-at="2021-01-24T23:29:42Z" finished-at="2021-01-24T23:29:42Z">
          <reporter-output>
          </reporter-output>
        </test-method> <!-- afterTest -->
      </class> <!-- ranxiangxue.selenium.maven1.runcase.CourseCase -->
    </test> <!-- Cart -->
    <test name="SureOrder" duration-ms="19943" started-at="2021-01-24T15:29:42Z" finished-at="2021-01-24T15:30:02Z">
      <class name="ranxiangxue.selenium.maven1.runcase.SureSubmitCase">
        <test-method status="PASS" signature="beforeTest()[pri:0, instance:ranxiangxue.selenium.maven1.runcase.SureSubmitCase@5bb21b69]" name="beforeTest" is-config="true" duration-ms="1" started-at="2021-01-24T23:29:42Z" finished-at="2021-01-24T23:29:42Z">
          <reporter-output>
          </reporter-output>
        </test-method> <!-- beforeTest -->
        <test-method status="PASS" signature="beforeClass(java.lang.String, java.lang.String)[pri:0, instance:ranxiangxue.selenium.maven1.runcase.SureSubmitCase@5bb21b69]" name="beforeClass" is-config="true" duration-ms="16454" started-at="2021-01-24T23:29:42Z" finished-at="2021-01-24T23:29:58Z">
          <params>
            <param index="0">
              <value>
                <![CDATA[https://order.imooc.com/pay/confirm?goods_ids=2235]]>
              </value>
            </param>
            <param index="1">
              <value>
                <![CDATA[chrome]]>
              </value>
            </param>
          </params>
          <reporter-output>
          </reporter-output>
        </test-method> <!-- beforeClass -->
        <test-method status="PASS" signature="beforeMethod()[pri:0, instance:ranxiangxue.selenium.maven1.runcase.SureSubmitCase@5bb21b69]" name="beforeMethod" is-config="true" duration-ms="0" started-at="2021-01-24T23:29:58Z" finished-at="2021-01-24T23:29:58Z">
          <reporter-output>
          </reporter-output>
        </test-method> <!-- beforeMethod -->
        <test-method status="PASS" signature="SureSubmit(java.lang.String)[pri:0, instance:ranxiangxue.selenium.maven1.runcase.SureSubmitCase@5bb21b69]" name="SureSubmit" duration-ms="3138" started-at="2021-01-24T23:29:58Z" finished-at="2021-01-24T23:30:01Z">
          <params>
            <param index="0">
              <value>
                <![CDATA[https://order.imooc.com/pay/confirm?goods_ids=2235]]>
              </value>
            </param>
          </params>
          <reporter-output>
          </reporter-output>
        </test-method> <!-- SureSubmit -->
        <test-method status="PASS" signature="afterMethod()[pri:0, instance:ranxiangxue.selenium.maven1.runcase.SureSubmitCase@5bb21b69]" name="afterMethod" is-config="true" duration-ms="1" started-at="2021-01-24T23:30:01Z" finished-at="2021-01-24T23:30:01Z">
          <reporter-output>
          </reporter-output>
        </test-method> <!-- afterMethod -->
        <test-method status="PASS" signature="afterClass()[pri:0, instance:ranxiangxue.selenium.maven1.runcase.SureSubmitCase@5bb21b69]" name="afterClass" is-config="true" duration-ms="344" started-at="2021-01-24T23:30:01Z" finished-at="2021-01-24T23:30:02Z">
          <reporter-output>
          </reporter-output>
        </test-method> <!-- afterClass -->
        <test-method status="PASS" signature="afterTest()[pri:0, instance:ranxiangxue.selenium.maven1.runcase.SureSubmitCase@5bb21b69]" name="afterTest" is-config="true" duration-ms="1" started-at="2021-01-24T23:30:02Z" finished-at="2021-01-24T23:30:02Z">
          <reporter-output>
          </reporter-output>
        </test-method> <!-- afterTest -->
      </class> <!-- ranxiangxue.selenium.maven1.runcase.SureSubmitCase -->
    </test> <!-- SureOrder -->
  </suite> <!-- Suite -->
</testng-results>
